SF:lib\feature\splash\presentation\splash_screen.dart
DA:9,1
DA:11,1
DA:12,1
DA:18,1
DA:20,1
DA:21,1
DA:24,1
DA:25,2
DA:26,0
DA:28,0
DA:30,0
DA:32,0
DA:38,1
DA:40,1
DA:41,1
DA:42,1
DA:43,1
DA:45,1
DA:46,1
LF:19
LH:15
end_of_record
SF:lib\core\common\height_width_extention.dart
DA:4,1
DA:5,1
DA:6,2
DA:9,1
DA:10,1
DA:11,2
DA:14,0
DA:15,0
DA:16,0
DA:19,0
DA:20,0
DA:21,0
DA:24,0
DA:25,0
DA:26,0
LF:15
LH:6
end_of_record
SF:lib\core\services\screen_size_service.dart
DA:4,1
DA:5,1
DA:9,1
DA:10,3
DA:11,3
LF:5
LH:5
end_of_record
SF:lib\core\services\shared_preference_services.dart
DA:4,0
DA:5,0
DA:6,0
DA:9,0
DA:10,0
DA:11,0
DA:12,0
DA:13,0
DA:14,0
DA:15,0
DA:17,0
DA:21,0
DA:22,0
DA:25,0
DA:26,0
LF:15
LH:0
end_of_record
