SF:lib\core\api\api_client.g.dart
DA:12,0
DA:13,0
DA:22,0
DA:24,0
DA:25,0
DA:26,0
DA:27,0
DA:28,0
DA:29,0
DA:30,0
DA:31,0
DA:32,0
DA:37,0
DA:39,0
DA:42,0
DA:44,0
DA:50,0
DA:52,0
DA:53,0
DA:54,0
DA:55,0
DA:56,0
DA:57,0
DA:58,0
DA:59,0
DA:60,0
DA:65,0
DA:67,0
DA:70,0
DA:72,0
DA:73,0
DA:74,0
DA:75,0
DA:76,0
DA:77,0
DA:78,0
DA:79,0
DA:80,0
DA:85,0
DA:87,0
DA:90,0
DA:92,0
DA:93,0
DA:94,0
DA:95,0
DA:96,0
DA:97,0
DA:98,0
DA:99,0
DA:100,0
DA:105,0
DA:107,0
DA:110,0
DA:112,0
DA:118,0
DA:120,0
DA:121,0
DA:122,0
DA:123,0
DA:124,0
DA:125,0
DA:126,0
DA:127,0
DA:128,0
DA:133,0
DA:135,0
DA:138,0
DA:139,0
DA:140,0
DA:141,0
DA:142,0
DA:143,0
DA:145,0
DA:151,0
DA:152,0
DA:156,0
DA:158,0
DA:159,0
DA:162,0
LF:79
LH:0
end_of_record
SF:lib\features\auth\forget_password\data\data_source\create_new_password_data_source_imp.dart
DA:10,1
DA:12,1
DA:14,2
LF:3
LH:3
end_of_record
SF:lib\features\auth\forget_password\data\models\create_new_passwordrequset.dart
DA:9,2
DA:11,0
DA:12,0
DA:14,0
LF:4
LH:1
end_of_record
SF:lib\features\auth\forget_password\data\models\create_new_passwordrequset.g.dart
DA:9,0
DA:11,0
DA:12,0
DA:13,0
DA:16,0
DA:18,0
DA:19,0
DA:20,0
LF:8
LH:0
end_of_record
SF:lib\features\auth\forget_password\data\models\forget_password_request.dart
DA:7,3
DA:9,0
DA:10,0
DA:12,0
LF:4
LH:1
end_of_record
SF:lib\features\auth\forget_password\data\models\forget_password_request.g.dart
DA:9,0
DA:11,0
DA:13,0
DA:15,0
LF:4
LH:0
end_of_record
SF:lib\features\auth\forget_password\data\models\verify_reset_code_request.dart
DA:8,2
DA:10,0
DA:11,0
DA:13,0
LF:4
LH:1
end_of_record
SF:lib\features\auth\forget_password\data\models\verify_reset_code_request.g.dart
DA:9,0
DA:11,0
DA:13,0
DA:15,0
LF:4
LH:0
end_of_record
SF:lib\features\auth\sign_in\data\model\sign_in_dto.dart
DA:13,2
DA:15,0
DA:16,0
DA:18,0
DA:20,2
DA:21,1
DA:22,1
DA:23,2
DA:44,2
DA:58,0
DA:59,0
DA:61,0
DA:63,2
DA:64,1
DA:65,1
DA:66,1
DA:67,1
DA:68,1
DA:69,1
DA:70,1
DA:71,1
DA:72,1
DA:73,1
DA:74,1
LF:24
LH:18
end_of_record
SF:lib\features\auth\sign_in\data\model\sign_in_dto.g.dart
DA:9,0
DA:10,0
DA:11,0
DA:13,0
DA:14,0
DA:17,0
DA:18,0
DA:19,0
DA:20,0
DA:23,0
DA:24,0
DA:25,0
DA:26,0
DA:27,0
DA:28,0
DA:29,0
DA:30,0
DA:31,0
DA:32,0
DA:33,0
DA:34,0
DA:37,0
DA:38,0
DA:39,0
DA:40,0
DA:41,0
DA:42,0
DA:43,0
DA:44,0
DA:45,0
DA:46,0
DA:47,0
DA:48,0
DA:49,0
LF:34
LH:0
end_of_record
SF:lib\features\auth\sign_in\domain\entity\sign_in_request.dart
DA:7,5
DA:9,0
DA:10,0
DA:11,0
DA:12,0
DA:16,0
DA:17,0
DA:20,0
DA:21,0
LF:9
LH:1
end_of_record
SF:lib\features\auth\sign_up\data\models\signup_request_model.dart
DA:19,0
DA:33,0
DA:34,0
DA:36,0
LF:4
LH:0
end_of_record
SF:lib\features\auth\sign_up\data\models\signup_request_model.g.dart
DA:9,0
DA:10,0
DA:11,0
DA:12,0
DA:13,0
DA:14,0
DA:15,0
DA:16,0
DA:17,0
DA:18,0
DA:19,0
DA:20,0
DA:21,0
DA:24,0
DA:25,0
DA:26,0
DA:27,0
DA:28,0
DA:29,0
DA:30,0
DA:31,0
DA:32,0
DA:33,0
DA:34,0
DA:35,0
DA:36,0
LF:26
LH:0
end_of_record
SF:lib\features\auth\sign_up\data\models\signup_response_model.dart
DA:12,0
DA:18,0
DA:19,0
DA:21,0
DA:40,0
DA:55,0
DA:56,0
DA:58,0
DA:60,0
DA:61,0
DA:62,0
DA:63,0
DA:64,0
DA:65,0
DA:66,0
DA:67,0
DA:68,0
DA:69,0
DA:70,0
DA:71,0
DA:72,0
DA:73,0
LF:22
LH:0
end_of_record
SF:lib\features\auth\sign_up\data\models\signup_response_model.g.dart
DA:9,0
DA:10,0
DA:11,0
DA:12,0
DA:13,0
DA:16,0
DA:18,0
DA:19,0
DA:20,0
DA:21,0
DA:24,0
DA:25,0
DA:26,0
DA:27,0
DA:28,0
DA:29,0
DA:30,0
DA:31,0
DA:32,0
DA:33,0
DA:34,0
DA:35,0
DA:36,0
DA:39,0
DA:40,0
DA:41,0
DA:42,0
DA:43,0
DA:44,0
DA:45,0
DA:46,0
DA:47,0
DA:48,0
DA:49,0
DA:50,0
DA:51,0
LF:36
LH:0
end_of_record
SF:lib\core\utils\end_points.dart
DA:4,0
LF:1
LH:0
end_of_record
SF:lib\features\auth\sign_in\domain\entity\sign_in_entity.dart
DA:6,3
DA:26,2
LF:2
LH:2
end_of_record
SF:lib\features\auth\sign_up\domain\entity\signup_entity.dart
DA:15,0
LF:1
LH:0
end_of_record
SF:lib\features\auth\forget_password\data\data_source\forget_password_remote_data_source_imp.dart
DA:11,1
DA:14,1
DA:16,2
LF:3
LH:3
end_of_record
SF:lib\features\auth\forget_password\data\data_source\verify_reset_code_remote_data_source_imp.dart
DA:11,1
DA:13,1
DA:15,2
LF:3
LH:3
end_of_record
SF:lib\features\auth\forget_password\presentation\view\widgets\back_ground_image.dart
DA:4,2
DA:8,1
DA:10,1
DA:11,1
LF:4
LH:4
end_of_record
SF:lib\core\common\result.dart
DA:5,6
DA:10,6
LF:2
LH:2
end_of_record
SF:lib\features\auth\forget_password\data\repo_imp\forget_password_repo_imp.dart
DA:12,1
DA:16,1
DA:20,1
DA:21,3
LF:4
LH:4
end_of_record
SF:lib\core\api\api_execute.dart
DA:11,4
DA:13,8
DA:15,4
DA:16,4
DA:18,0
DA:21,4
DA:22,0
DA:23,0
DA:24,0
DA:25,0
DA:26,0
DA:27,0
DA:28,0
DA:29,4
DA:30,0
DA:32,0
DA:33,0
DA:35,4
DA:37,8
DA:39,8
LF:20
LH:9
end_of_record
SF:lib\core\error\failures.dart
DA:6,0
DA:10,0
DA:12,0
DA:13,0
DA:14,0
DA:15,0
DA:16,0
DA:17,0
DA:18,0
DA:19,0
DA:20,0
DA:21,0
DA:22,0
DA:23,0
DA:24,0
DA:25,0
DA:26,0
DA:27,0
DA:31,0
DA:36,0
DA:37,0
DA:39,0
DA:42,0
DA:43,0
DA:46,0
DA:48,0
DA:49,0
DA:50,0
DA:51,0
DA:52,0
DA:53,0
DA:54,0
DA:55,0
DA:56,0
DA:57,0
DA:59,0
DA:60,0
DA:61,0
DA:62,0
DA:63,0
DA:64,0
DA:65,0
DA:68,0
DA:70,0
DA:73,0
DA:74,0
DA:75,0
DA:79,0
DA:81,0
DA:82,0
DA:83,0
DA:87,0
DA:89,0
DA:90,0
DA:92,0
LF:55
LH:0
end_of_record
SF:lib\features\auth\forget_password\data\repo_imp\create_new_password_repo_imp.dart
DA:12,1
DA:16,1
DA:20,1
DA:21,3
LF:4
LH:4
end_of_record
SF:lib\features\auth\forget_password\data\repo_imp\verify_reset_code_repo_imp.dart
DA:12,1
DA:16,1
DA:20,1
DA:21,3
LF:4
LH:4
end_of_record
SF:lib\features\auth\forget_password\presentation\view\widgets\forget_password_top_left_title.dart
DA:6,1
DA:8,1
DA:10,0
DA:11,0
DA:12,0
DA:13,1
DA:14,0
DA:16,0
DA:22,0
DA:23,0
DA:24,0
DA:26,0
LF:12
LH:3
end_of_record
SF:lib\core\common\height_width_extention.dart
DA:4,13
DA:5,13
DA:6,24
DA:9,15
DA:10,15
DA:11,26
DA:14,9
DA:15,9
DA:16,18
DA:19,0
DA:20,0
DA:21,0
DA:24,16
DA:25,16
DA:26,32
LF:15
LH:12
end_of_record
SF:lib\core\services\screen_size_service.dart
DA:4,19
DA:5,15
DA:9,2
DA:10,6
DA:11,6
LF:5
LH:5
end_of_record
SF:lib\core\utils\text_styles.dart
DA:7,0
DA:10,0
DA:12,0
DA:15,0
DA:18,0
DA:21,0
DA:24,18
DA:27,9
DA:29,24
DA:32,12
DA:35,6
DA:38,3
DA:40,0
DA:43,0
DA:46,0
DA:49,0
DA:52,6
DA:55,3
DA:58,4
DA:61,2
DA:64,6
DA:67,3
DA:69,0
DA:72,0
DA:74,0
DA:77,0
DA:79,8
DA:82,4
DA:83,0
DA:86,0
DA:88,18
DA:91,9
DA:93,16
DA:96,8
DA:98,0
DA:101,0
LF:36
LH:18
end_of_record
SF:lib\features\auth\forget_password\presentation\cubits\forget_password_cubit\forget_password_cubit.dart
DA:21,0
DA:23,0
DA:24,0
DA:29,0
DA:30,0
DA:32,0
DA:33,0
DA:35,0
DA:36,0
DA:41,0
DA:42,0
DA:43,0
DA:48,0
DA:49,0
DA:52,0
DA:53,0
DA:54,0
LF:17
LH:0
end_of_record
SF:lib\features\auth\forget_password\presentation\cubits\forget_password_cubit\forget_password_states.dart
DA:11,0
LF:1
LH:0
end_of_record
SF:lib\features\auth\forget_password\presentation\view\widgets\forget_password_view_body.dart
DA:10,2
DA:12,1
DA:13,1
DA:17,1
DA:19,1
DA:20,0
DA:21,1
DA:22,1
DA:23,0
DA:24,0
DA:25,1
DA:26,0
DA:27,0
DA:28,1
DA:29,0
DA:31,0
DA:32,0
DA:33,0
DA:35,0
DA:37,0
DA:39,0
DA:40,0
DA:41,0
DA:42,0
DA:43,0
DA:54,0
DA:55,0
DA:56,0
DA:58,0
DA:59,0
DA:60,0
DA:62,0
DA:63,0
DA:65,0
DA:66,0
LF:35
LH:9
end_of_record
SF:lib\core\common\get_responsive_height_and_width.dart
DA:3,4
DA:4,4
DA:5,8
DA:8,4
DA:9,4
DA:10,8
LF:6
LH:6
end_of_record
SF:lib\core\utils\extensions.dart
DA:4,0
DA:5,0
DA:7,0
DA:11,0
DA:12,0
DA:14,0
DA:18,0
DA:19,0
DA:25,0
LF:9
LH:0
end_of_record
SF:lib\core\widgets\custom_container_widget.dart
DA:8,9
DA:12,9
DA:14,9
DA:15,9
DA:16,18
DA:17,9
DA:18,9
DA:19,9
DA:21,9
DA:22,9
DA:23,9
DA:25,9
DA:26,9
DA:27,18
DA:28,18
DA:30,27
LF:16
LH:16
end_of_record
SF:lib\features\auth\forget_password\presentation\view\widgets\forget_password_content_widget.dart
DA:13,0
DA:25,0
DA:27,0
DA:32,0
DA:34,0
DA:35,0
DA:36,0
DA:37,0
DA:38,0
DA:39,0
DA:40,0
DA:41,0
DA:42,0
DA:43,0
DA:46,0
DA:47,0
DA:51,0
DA:52,0
DA:54,0
DA:59,0
DA:60,0
DA:62,0
DA:65,0
DA:66,0
DA:67,0
DA:68,0
DA:69,0
DA:70,0
DA:71,0
DA:72,0
DA:73,0
DA:74,0
DA:75,0
DA:82,0
DA:83,0
DA:84,0
DA:86,0
LF:37
LH:0
end_of_record
SF:lib\features\auth\forget_password\presentation\view\widgets\verify_reset_code_top_left_title.dart
DA:6,1
DA:10,1
DA:12,0
DA:14,0
DA:15,0
DA:16,1
DA:17,0
DA:19,0
DA:21,0
DA:25,0
DA:26,0
DA:27,0
DA:28,0
DA:30,0
DA:32,0
LF:15
LH:3
end_of_record
SF:lib\features\auth\sign_in\data\data_source\auth_remote_data_source.dart
DA:13,1
DA:15,1
DA:17,2
LF:3
LH:3
end_of_record
SF:lib\features\auth\sign_in\domain\use_case\sign_in_use_case.dart
DA:12,1
DA:14,1
DA:15,2
LF:3
LH:3
end_of_record
SF:lib\core\services\shared_preference_services.dart
DA:4,0
DA:5,0
DA:6,0
DA:9,0
DA:10,0
DA:11,0
DA:12,0
DA:13,0
DA:14,0
DA:15,0
DA:17,0
DA:21,0
DA:22,0
DA:25,0
DA:26,0
LF:15
LH:0
end_of_record
SF:lib\features\auth\sign_in\data\data_source\auth_local_data_source.dart
DA:14,0
DA:16,0
DA:19,0
DA:21,0
DA:24,0
DA:26,0
LF:6
LH:0
end_of_record
SF:lib\features\auth\sign_in\data\repository_imp\auth_repository_imp.dart
DA:19,1
DA:24,1
DA:26,2
DA:27,2
DA:28,3
DA:29,3
DA:30,1
DA:34,0
DA:36,0
LF:9
LH:7
end_of_record
SF:lib\features\auth\sign_in\presentation\cubit\sign_in_cubit\sign_in_state.dart
DA:12,1
DA:17,1
LF:2
LH:2
end_of_record
SF:lib\features\auth\sign_in\presentation\cubit\sign_in_cubit\sign_in_view_model.dart
DA:12,3
DA:14,1
DA:15,1
DA:16,2
DA:20,1
DA:21,2
DA:22,2
DA:24,1
DA:25,3
DA:26,1
DA:27,3
DA:36,2
LF:12
LH:12
end_of_record
SF:lib\features\auth\sign_in\presentation\views\sign_in\sign_in_screen.dart
DA:9,1
DA:13,1
DA:15,1
DA:16,1
DA:17,1
DA:18,1
DA:22,1
DA:24,2
LF:8
LH:8
end_of_record
SF:lib\core\api\network_factory.dart
DA:13,0
DA:15,0
DA:16,0
DA:22,0
DA:23,0
DA:27,0
DA:29,0
DA:44,0
DA:49,0
DA:51,0
DA:53,0
LF:11
LH:0
end_of_record
SF:lib\features\auth\forget_password\presentation\cubits\create_new_password_cubit\create_new_password_cubit.dart
DA:14,0
DA:16,0
DA:28,0
DA:30,0
DA:31,0
DA:39,0
DA:41,0
DA:42,0
DA:47,0
DA:50,0
DA:52,0
DA:57,0
DA:58,0
DA:59,0
DA:61,0
DA:62,0
DA:63,0
LF:17
LH:0
end_of_record
SF:lib\features\auth\forget_password\presentation\cubits\verify_reset_code_cubit\verify_reset_code_cubit.dart
DA:21,0
DA:23,0
DA:24,0
DA:29,0
DA:31,0
DA:33,0
DA:35,0
DA:36,0
DA:41,0
DA:44,0
DA:45,0
DA:49,0
DA:50,0
DA:51,0
DA:54,0
DA:55,0
DA:56,0
LF:17
LH:0
end_of_record
SF:lib\features\auth\sign_up\data\data_source\signup_data_source.dart
DA:18,0
DA:20,0
DA:22,0
LF:3
LH:0
end_of_record
SF:lib\features\auth\sign_up\data\repo_impl\signup_repo_impl.dart
DA:18,0
DA:20,0
DA:23,0
DA:24,0
DA:25,0
DA:26,0
DA:28,0
DA:29,0
DA:30,0
DA:34,0
LF:10
LH:0
end_of_record
SF:lib\features\auth\sign_up\domain\use_case\signup_use_case.dart
DA:13,0
DA:15,0
DA:16,0
LF:3
LH:0
end_of_record
SF:lib\features\auth\sign_up\presentation\cubit\signup_view_model_cubit.dart
DA:12,9
DA:17,0
DA:18,0
DA:21,0
DA:22,0
DA:25,0
DA:31,0
DA:32,0
DA:35,0
DA:36,0
DA:39,0
DA:45,0
DA:46,0
DA:47,0
DA:48,0
DA:51,0
DA:52,0
DA:55,0
DA:61,0
DA:62,0
DA:63,0
DA:64,0
DA:65,0
DA:66,0
DA:67,0
DA:70,0
DA:71,0
DA:74,0
DA:80,0
DA:81,0
DA:82,0
DA:84,0
DA:91,0
DA:92,0
DA:93,0
DA:95,0
DA:102,0
DA:103,0
DA:104,0
DA:106,0
DA:113,0
DA:114,0
DA:115,0
DA:117,0
DA:124,0
DA:125,0
DA:128,0
DA:129,0
DA:132,0
DA:133,0
DA:136,0
DA:137,0
DA:140,0
DA:141,0
DA:144,0
DA:145,0
DA:148,3
DA:149,3
DA:150,9
DA:151,9
DA:152,9
DA:153,9
DA:154,9
DA:155,9
DA:157,9
DA:158,18
DA:162,0
DA:163,0
DA:164,0
DA:168,0
DA:169,0
DA:170,0
DA:171,0
DA:172,0
DA:173,0
DA:174,0
DA:175,0
DA:176,0
DA:177,0
DA:178,0
DA:181,0
DA:182,0
DA:183,0
DA:186,0
DA:188,0
DA:189,0
DA:190,0
DA:191,0
DA:192,0
DA:193,0
DA:194,0
DA:195,0
DA:196,0
DA:197,0
DA:198,0
DA:199,0
DA:200,0
DA:204,0
DA:205,0
DA:206,0
DA:208,0
DA:209,0
DA:210,0
DA:213,0
LF:104
LH:11
end_of_record
SF:lib\features\onboarding\presentation\cubits\change_onboarding_view_model.dart
DA:9,0
DA:33,0
DA:35,0
DA:36,0
DA:41,0
DA:42,0
DA:43,0
DA:45,0
DA:47,0
LF:9
LH:0
end_of_record
SF:lib\core\services\gemini_service.dart
DA:49,0
DA:96,0
DA:99,0
DA:101,0
DA:103,0
DA:104,0
DA:105,0
DA:106,0
DA:110,0
DA:111,0
DA:114,0
DA:115,0
DA:116,0
DA:119,0
DA:121,0
DA:122,0
DA:123,0
DA:126,0
DA:127,0
DA:131,0
DA:133,0
DA:135,0
DA:136,0
DA:137,0
DA:138,0
DA:142,0
DA:143,0
DA:146,0
DA:147,0
DA:148,0
DA:150,0
DA:155,0
DA:201,0
DA:204,0
DA:205,0
DA:206,0
DA:209,0
DA:210,0
DA:211,0
DA:212,0
DA:213,0
DA:214,0
DA:220,0
DA:221,0
DA:222,0
DA:223,0
DA:224,0
DA:225,0
DA:226,0
DA:227,0
LF:50
LH:0
end_of_record
SF:lib\core\di\injectable_initializer.dart
DA:6,6
DA:8,0
DA:14,0
DA:15,0
DA:16,0
LF:5
LH:1
end_of_record
SF:lib\core\widgets\custom_validate.dart
DA:2,2
DA:3,2
DA:6,2
DA:9,2
DA:15,0
DA:16,0
DA:19,0
DA:20,0
DA:26,0
DA:27,0
DA:30,0
DA:31,0
DA:37,2
DA:38,2
DA:41,4
DA:44,1
DA:45,1
DA:61,0
DA:62,0
DA:63,0
DA:65,0
DA:81,0
DA:82,0
DA:84,0
DA:86,0
DA:92,0
DA:93,0
DA:97,0
DA:99,0
LF:29
LH:9
end_of_record
SF:lib\features\auth\forget_password\presentation\cubits\create_new_password_cubit\create_new_password_states.dart
DA:11,0
LF:1
LH:0
end_of_record
SF:lib\features\auth\forget_password\presentation\cubits\verify_reset_code_cubit\verify_reset_code_states.dart
DA:11,0
LF:1
LH:0
end_of_record
SF:lib\features\auth\sign_in\presentation\views\widgets\sign_in_view_body.dart
DA:18,2
DA:20,2
DA:21,2
DA:31,2
DA:33,4
DA:34,4
DA:35,2
DA:38,1
DA:39,3
DA:40,2
DA:41,1
DA:44,2
DA:45,1
DA:50,2
DA:52,2
DA:53,4
DA:54,0
DA:55,0
DA:56,0
DA:57,0
DA:58,0
DA:59,0
DA:60,0
DA:61,0
DA:62,0
DA:63,0
DA:66,2
DA:67,2
DA:68,2
DA:69,2
DA:71,2
DA:73,2
DA:74,2
DA:75,2
DA:76,2
DA:78,2
DA:80,4
DA:81,2
DA:82,2
DA:83,2
DA:84,2
DA:85,2
DA:86,2
DA:87,2
DA:88,0
DA:89,0
DA:90,0
DA:93,2
DA:94,1
DA:95,2
DA:97,3
DA:98,2
DA:99,1
DA:101,1
DA:102,2
DA:103,2
DA:105,4
DA:107,0
DA:108,0
LF:59
LH:44
end_of_record
SF:lib\features\auth\sign_in\presentation\views\widgets\sign_in_form.dart
DA:19,3
DA:30,3
DA:32,3
DA:33,3
DA:34,3
DA:36,6
DA:42,6
DA:43,3
DA:45,3
DA:47,3
DA:48,3
DA:49,6
DA:50,3
DA:52,3
DA:58,6
DA:59,3
DA:61,3
DA:62,3
DA:67,3
DA:68,3
DA:69,6
DA:70,3
DA:72,3
DA:76,3
DA:77,3
DA:78,3
DA:83,3
DA:87,6
DA:88,3
DA:90,3
DA:91,3
DA:92,1
DA:93,1
DA:95,3
DA:97,6
DA:106,6
DA:107,3
DA:108,3
DA:109,3
DA:110,3
DA:111,9
DA:112,6
DA:116,3
DA:117,3
DA:119,6
DA:120,6
DA:128,6
DA:129,3
DA:131,3
DA:132,3
DA:134,6
DA:138,3
DA:139,0
DA:140,0
DA:142,3
DA:144,6
LF:56
LH:54
end_of_record
SF:lib\features\auth\sign_in\presentation\views\widgets\sign_in_header.dart
DA:9,20
DA:11,3
DA:13,3
DA:14,6
DA:15,3
DA:17,3
DA:18,3
DA:19,6
DA:20,3
DA:21,3
DA:22,3
DA:24,3
DA:28,6
DA:29,3
DA:31,6
DA:36,3
DA:38,6
LF:17
LH:17
end_of_record
SF:lib\features\auth\sign_up\domain\entity\signup_request_entity.dart
DA:16,0
DA:30,0
DA:31,0
DA:32,0
DA:33,0
DA:34,0
DA:35,0
DA:36,0
DA:37,0
DA:38,0
DA:39,0
DA:40,0
DA:41,0
DA:42,0
LF:14
LH:0
end_of_record
SF:lib\features\auth\sign_up\presentation\cubit\signup_view_model_state.dart
DA:30,8
DA:57,1
DA:58,1
DA:59,0
DA:60,0
DA:61,0
DA:63,0
DA:64,0
DA:65,0
DA:66,0
DA:67,0
DA:68,0
DA:69,0
DA:70,0
DA:72,0
DA:73,0
DA:74,0
DA:76,3
DA:101,3
DA:102,3
DA:103,3
DA:104,3
DA:105,3
DA:106,3
DA:107,3
DA:108,3
DA:109,3
DA:110,3
DA:111,3
DA:112,0
DA:113,3
DA:114,3
DA:117,3
DA:118,3
DA:119,3
DA:120,3
DA:128,0
DA:130,0
DA:131,0
DA:132,0
DA:133,0
DA:134,0
DA:135,0
DA:136,0
DA:137,0
DA:138,0
DA:139,0
DA:140,0
DA:141,0
DA:142,0
DA:143,0
DA:144,0
DA:145,0
DA:146,0
DA:147,0
LF:55
LH:21
end_of_record
SF:lib\features\onboarding\domain\onboarding_entity.dart
DA:6,0
LF:1
LH:0
end_of_record
SF:lib\features\auth\sign_up\presentation\view\widgets\basic_info\signup_basic_info.dart
DA:14,1
DA:16,1
DA:18,1
DA:19,1
DA:20,3
DA:22,1
DA:23,1
DA:24,1
DA:25,1
DA:26,1
DA:27,1
DA:28,1
DA:29,1
DA:30,1
DA:31,2
DA:32,1
DA:34,1
DA:36,1
DA:38,2
DA:39,1
DA:40,1
DA:45,1
DA:46,1
DA:50,1
DA:51,1
DA:52,1
DA:54,1
DA:59,1
DA:60,1
DA:61,1
DA:63,1
DA:68,1
DA:69,1
DA:70,1
DA:72,1
DA:79,2
DA:83,2
DA:86,1
DA:88,0
DA:89,1
DA:91,1
DA:95,1
DA:96,1
DA:100,1
DA:101,1
DA:102,1
DA:104,1
DA:109,1
DA:110,1
DA:111,1
DA:113,1
DA:118,1
DA:119,1
DA:120,1
DA:122,1
DA:129,2
DA:133,2
DA:136,1
DA:138,0
DA:140,1
DA:142,1
DA:146,1
DA:147,1
DA:151,1
DA:152,1
DA:153,1
DA:155,1
DA:160,1
DA:161,1
DA:162,1
DA:164,1
DA:169,1
DA:170,1
DA:171,1
DA:173,1
DA:180,2
DA:184,2
DA:187,1
DA:190,0
DA:191,1
DA:193,1
DA:197,1
DA:198,1
DA:202,1
DA:203,1
DA:204,1
DA:206,1
DA:211,1
DA:212,1
DA:213,1
DA:215,1
DA:220,1
DA:221,1
DA:222,1
DA:224,1
DA:231,2
DA:235,2
DA:238,1
DA:240,1
DA:241,1
DA:242,1
DA:245,1
DA:246,1
DA:250,1
DA:251,1
DA:254,1
DA:256,2
DA:261,1
DA:274,1
DA:275,1
DA:277,1
DA:278,1
DA:280,2
DA:282,1
DA:283,0
DA:284,0
DA:286,1
DA:288,2
LF:118
LH:113
end_of_record
SF:lib\features\auth\sign_up\presentation\view\signup_flow.dart
DA:20,1
DA:22,1
DA:23,1
DA:29,1
DA:31,1
DA:32,3
DA:33,1
DA:34,1
DA:35,1
DA:37,0
DA:39,0
DA:40,0
DA:41,0
DA:42,0
DA:43,0
DA:44,0
DA:49,0
DA:50,0
DA:51,0
DA:52,0
DA:57,0
DA:58,0
DA:60,0
DA:62,0
DA:63,0
DA:64,0
DA:65,0
DA:66,0
DA:67,0
DA:68,0
DA:70,0
DA:71,0
DA:72,0
DA:74,0
DA:75,0
DA:76,0
DA:77,0
DA:78,0
DA:81,0
DA:84,0
DA:91,0
DA:93,0
DA:94,0
DA:104,0
DA:105,0
DA:106,0
DA:107,0
DA:109,0
DA:111,0
DA:112,0
DA:113,0
DA:114,0
DA:115,0
DA:125,0
DA:126,0
DA:127,0
DA:129,0
DA:130,0
DA:131,0
DA:132,0
DA:133,0
DA:134,0
DA:135,0
DA:136,0
DA:137,0
LF:65
LH:9
end_of_record
SF:lib\features\auth\sign_up\presentation\view\widgets\progress_indicator.dart
DA:14,1
DA:21,1
DA:23,1
DA:25,3
DA:27,1
DA:28,1
DA:29,1
DA:30,1
DA:31,1
DA:33,1
DA:34,3
DA:35,1
DA:37,1
DA:38,1
DA:42,1
DA:43,3
DA:44,1
DA:47,1
DA:51,1
DA:52,1
DA:53,3
DA:54,2
DA:68,1
DA:74,1
DA:76,5
DA:77,4
DA:79,1
DA:80,2
DA:81,2
DA:82,1
DA:83,1
DA:86,3
DA:88,1
DA:89,1
DA:97,0
DA:99,0
LF:36
LH:34
end_of_record
SF:lib\features\auth\sign_up\presentation\view\widgets\signup_select_activity.dart
DA:15,1
DA:25,1
DA:27,1
DA:28,1
DA:29,1
DA:30,1
DA:31,1
DA:34,1
DA:35,1
DA:38,1
DA:39,1
DA:40,1
DA:41,2
DA:43,1
DA:44,1
DA:53,4
DA:54,1
DA:55,1
DA:56,1
DA:58,2
DA:59,1
DA:60,1
DA:64,1
DA:65,1
DA:66,1
DA:67,0
DA:68,0
DA:70,1
DA:72,0
DA:74,1
DA:75,0
DA:79,1
DA:81,2
DA:84,1
DA:86,2
DA:90,1
LF:36
LH:32
end_of_record
SF:lib\features\auth\sign_up\presentation\view\widgets\signup_select_age.dart
DA:13,1
DA:15,1
DA:17,1
DA:18,1
DA:20,1
DA:21,1
DA:24,1
DA:26,1
DA:28,1
DA:29,1
DA:30,1
DA:31,0
DA:32,0
DA:37,1
DA:38,2
DA:40,1
DA:42,2
DA:46,1
LF:18
LH:16
end_of_record
SF:lib\features\auth\sign_up\presentation\view\widgets\gender\signup_select_gender.dart
DA:15,1
DA:17,1
DA:19,1
DA:21,1
DA:23,1
DA:24,1
DA:27,1
DA:28,1
DA:30,1
DA:31,1
DA:32,3
DA:34,1
DA:36,1
DA:37,2
DA:38,1
DA:41,3
DA:43,2
DA:44,1
DA:45,0
DA:49,3
DA:50,2
DA:51,1
DA:52,2
DA:54,1
DA:56,2
DA:60,1
LF:26
LH:25
end_of_record
SF:lib\features\auth\sign_up\presentation\view\widgets\goal_page\signup_select_goal.dart
DA:13,1
DA:23,1
DA:25,1
DA:26,1
DA:27,1
DA:28,1
DA:29,1
DA:32,1
DA:33,1
DA:36,1
DA:37,1
DA:38,1
DA:39,2
DA:41,1
DA:42,1
DA:44,3
DA:45,1
DA:46,2
DA:47,1
DA:48,1
DA:51,1
DA:52,2
DA:54,1
DA:56,2
DA:60,1
LF:25
LH:25
end_of_record
SF:lib\features\auth\sign_up\presentation\view\widgets\signup_select_height.dart
DA:13,1
DA:15,1
DA:17,1
DA:18,1
DA:19,1
DA:20,1
DA:23,1
DA:25,1
DA:27,1
DA:28,1
DA:29,1
DA:30,0
DA:31,0
DA:36,1
DA:37,2
DA:39,1
DA:41,2
DA:45,1
LF:18
LH:16
end_of_record
SF:lib\features\auth\sign_up\presentation\view\widgets\signup_select_weight.dart
DA:13,1
DA:15,1
DA:16,1
DA:17,1
DA:18,1
DA:19,1
DA:22,1
DA:24,1
DA:26,1
DA:27,1
DA:28,1
DA:29,0
DA:30,0
DA:35,1
DA:36,2
DA:37,1
DA:41,1
DA:43,2
LF:18
LH:16
end_of_record
SF:lib\features\auth\sign_up\presentation\view\widgets\build_page_title.dart
DA:8,8
DA:12,8
DA:14,8
DA:15,16
DA:16,8
DA:17,8
DA:18,8
DA:19,8
DA:21,8
DA:22,8
DA:23,8
DA:24,16
DA:29,8
DA:30,8
DA:32,16
LF:15
LH:15
end_of_record
SF:lib\features\auth\sign_up\presentation\view\widgets\custom_list_tile.dart
DA:6,3
DA:12,3
DA:13,3
DA:17,3
DA:19,3
DA:22,3
DA:25,3
DA:26,12
DA:27,3
DA:28,3
DA:29,3
DA:31,3
DA:32,6
DA:35,3
DA:37,3
DA:38,3
DA:40,3
DA:41,3
DA:42,6
DA:43,6
DA:45,3
DA:48,3
DA:50,3
DA:51,6
DA:55,6
DA:56,2
DA:57,2
DA:60,2
LF:28
LH:28
end_of_record
SF:lib\features\auth\sign_up\presentation\view\widgets\gender\gender_widget.dart
DA:9,2
DA:16,2
DA:17,2
DA:21,2
DA:23,2
DA:24,4
DA:25,2
DA:27,2
DA:28,2
DA:29,2
DA:30,4
DA:31,2
DA:34,2
DA:35,2
DA:38,2
DA:40,6
DA:41,10
LF:17
LH:17
end_of_record
SF:lib\features\auth\sign_up\presentation\view\widgets\weel_widget.dart
DA:8,4
DA:23,4
DA:24,4
DA:30,4
DA:32,4
DA:33,24
DA:36,4
DA:39,4
DA:41,24
DA:42,4
DA:44,4
DA:46,4
DA:47,4
DA:48,4
DA:49,8
DA:50,8
DA:55,4
DA:56,4
DA:58,4
DA:59,4
DA:61,4
DA:63,4
DA:70,0
DA:71,0
DA:72,0
DA:74,0
DA:76,8
DA:77,8
DA:78,12
DA:79,4
DA:80,4
DA:81,4
DA:83,4
DA:84,4
DA:86,8
DA:90,8
DA:99,4
DA:103,4
DA:104,4
LF:39
LH:35
end_of_record
SF:lib\main.dart
DA:13,0
DA:14,0
DA:17,0
DA:18,0
DA:19,0
DA:20,0
DA:22,0
DA:26,0
DA:28,0
DA:30,0
DA:32,0
DA:33,0
DA:34,0
DA:36,0
DA:39,0
DA:45,0
DA:47,0
DA:49,0
DA:51,0
LF:19
LH:0
end_of_record
SF:lib\app_view.dart
DA:4,1
DA:6,0
LF:2
LH:1
end_of_record
SF:lib\core\router\routes_generator.dart
DA:17,0
DA:18,0
DA:19,0
DA:20,0
DA:21,0
DA:22,0
DA:24,0
DA:25,0
DA:26,0
DA:29,0
DA:30,0
DA:31,0
DA:35,0
DA:36,0
DA:37,0
DA:41,0
DA:43,0
DA:44,0
DA:45,0
DA:46,0
DA:49,0
DA:50,0
DA:51,0
DA:53,0
DA:54,0
DA:55,0
DA:60,0
DA:65,0
DA:66,0
DA:67,0
DA:68,0
DA:69,0
LF:32
LH:0
end_of_record
SF:lib\features\auth\forget_password\presentation\view\create_new_password_view.dart
DA:8,1
DA:10,0
DA:12,0
DA:13,0
DA:14,0
DA:15,0
DA:16,0
LF:7
LH:1
end_of_record
SF:lib\features\auth\forget_password\presentation\view\forget_password_view.dart
DA:8,1
DA:10,0
DA:12,0
DA:13,0
DA:14,0
LF:5
LH:1
end_of_record
SF:lib\features\auth\forget_password\presentation\view\verify_reset_code_view.dart
DA:9,1
DA:11,0
DA:13,0
DA:14,0
DA:15,0
DA:16,0
DA:17,0
DA:18,0
DA:20,0
DA:21,0
DA:24,0
LF:11
LH:1
end_of_record
SF:lib\features\onboarding\presentation\views\on_boarding_screen.dart
DA:10,1
DA:12,0
DA:13,0
DA:20,0
DA:22,0
DA:23,0
DA:26,0
DA:28,0
DA:29,0
DA:30,0
DA:32,0
DA:33,0
DA:34,0
DA:35,0
DA:36,0
DA:37,0
DA:42,0
DA:43,0
DA:44,0
DA:45,0
DA:46,0
DA:47,0
DA:48,0
DA:51,0
DA:52,0
DA:53,0
DA:54,0
DA:56,0
DA:57,0
DA:58,0
LF:30
LH:1
end_of_record
SF:lib\features\splash\presentation\splash_screen.dart
DA:9,2
DA:11,1
DA:12,1
DA:18,1
DA:20,1
DA:21,1
DA:24,1
DA:25,2
DA:26,0
DA:28,0
DA:30,0
DA:32,0
DA:38,1
DA:40,1
DA:41,1
DA:42,1
DA:43,1
DA:45,1
DA:46,1
LF:19
LH:15
end_of_record
SF:lib\layout\presentation\layout_screen.dart
DA:14,0
DA:16,0
DA:18,0
DA:19,0
DA:20,0
DA:21,0
DA:22,0
DA:23,0
DA:26,0
DA:29,0
DA:32,0
DA:33,0
DA:34,0
DA:35,0
DA:36,0
DA:39,0
DA:41,0
DA:42,0
DA:44,0
DA:45,0
DA:47,0
DA:48,0
DA:50,0
DA:51,0
DA:53,0
LF:25
LH:0
end_of_record
SF:lib\core\services\bloc_observer.dart
DA:6,0
DA:8,0
DA:9,0
DA:12,0
DA:14,0
DA:15,0
DA:18,0
DA:20,0
DA:21,0
DA:24,0
DA:26,0
DA:27,0
DA:30,0
DA:32,0
DA:33,0
DA:36,0
DA:38,0
DA:39,0
LF:18
LH:0
end_of_record
SF:lib\core\services\easy_loading_service.dart
DA:6,0
DA:7,0
DA:8,0
DA:9,0
DA:10,0
DA:11,0
DA:12,0
DA:13,0
DA:14,0
DA:15,0
DA:16,0
DA:17,0
DA:18,0
DA:19,0
LF:14
LH:0
end_of_record
SF:lib\core\utils\theming.dart
DA:7,0
DA:8,0
DA:9,0
DA:11,0
DA:15,0
DA:16,0
DA:20,0
DA:21,0
DA:23,0
DA:24,0
DA:25,0
DA:26,0
DA:27,0
DA:28,0
DA:30,0
DA:31,0
DA:35,0
DA:37,0
DA:40,0
DA:42,0
DA:45,0
DA:48,0
DA:49,0
DA:50,0
DA:52,0
DA:54,0
DA:55,0
DA:58,0
DA:59,0
DA:62,0
DA:63,0
DA:67,0
DA:68,0
DA:71,0
DA:75,0
DA:77,0
DA:78,0
DA:80,0
DA:87,0
DA:88,0
DA:90,0
DA:97,0
DA:98,0
DA:99,0
DA:100,0
DA:102,0
DA:103,0
DA:104,0
DA:111,0
DA:112,0
DA:113,0
DA:115,0
DA:116,0
DA:117,0
LF:54
LH:0
end_of_record
SF:lib\features\auth\forget_password\presentation\view\widgets\create_new_password_view_body.dart
DA:10,0
DA:12,0
DA:15,0
DA:16,0
DA:17,0
DA:18,0
DA:19,0
DA:20,0
DA:21,0
DA:22,0
DA:23,0
DA:24,0
DA:25,0
DA:27,0
DA:28,0
DA:29,0
DA:30,0
DA:31,0
DA:32,0
DA:34,0
DA:36,0
DA:37,0
LF:22
LH:0
end_of_record
SF:lib\features\auth\forget_password\presentation\view\widgets\verify_reset_code_view_body.dart
DA:13,0
DA:15,0
DA:17,0
DA:18,0
DA:20,0
DA:21,0
DA:22,0
DA:23,0
DA:24,0
DA:25,0
DA:26,0
DA:27,0
DA:28,0
DA:29,0
DA:31,0
DA:32,0
DA:34,0
DA:36,0
DA:38,0
DA:40,0
DA:41,0
LF:21
LH:0
end_of_record
SF:lib\features\auth\forget_password\presentation\view\widgets\create_new_password_bloc_listener_elevated_button.dart
DA:11,0
DA:20,0
DA:22,0
DA:23,0
DA:24,0
DA:25,0
DA:26,0
DA:27,0
DA:28,0
DA:29,0
DA:30,0
DA:33,0
DA:34,0
DA:35,0
DA:36,0
DA:37,0
DA:39,0
DA:41,0
LF:18
LH:0
end_of_record
SF:lib\features\auth\forget_password\presentation\view\widgets\create_new_password_content.dart
DA:11,0
DA:24,0
DA:26,0
DA:30,0
DA:33,0
DA:34,0
DA:35,0
DA:36,0
DA:37,0
DA:38,0
DA:39,0
DA:41,0
DA:43,0
DA:45,0
DA:46,0
DA:48,0
DA:51,0
DA:53,0
DA:55,0
DA:56,0
DA:57,0
DA:59,0
DA:61,0
DA:63,0
DA:64,0
DA:66,0
DA:69,0
DA:71,0
DA:73,0
DA:75,0
DA:81,0
DA:82,0
DA:83,0
DA:84,0
DA:87,0
DA:88,0
DA:93,0
DA:99,0
DA:100,0
DA:102,0
DA:108,0
DA:109,0
DA:111,0
LF:43
LH:0
end_of_record
SF:lib\features\auth\forget_password\presentation\view\widgets\create_new_password_custom_text_field.dart
DA:12,0
DA:21,0
DA:23,0
DA:25,0
DA:26,0
DA:27,0
DA:28,0
DA:29,0
DA:30,0
DA:32,0
DA:33,0
DA:36,0
DA:37,0
DA:38,0
DA:39,0
LF:15
LH:0
end_of_record
SF:lib\features\auth\forget_password\presentation\view\widgets\create_new_password_top_left_title.dart
DA:6,0
DA:8,0
DA:10,0
DA:12,0
DA:13,0
DA:14,0
DA:15,0
DA:17,0
DA:22,0
DA:23,0
DA:24,0
DA:26,0
LF:12
LH:0
end_of_record
SF:lib\features\auth\forget_password\presentation\view\widgets\pin_theme.dart
DA:5,0
DA:6,0
DA:7,0
DA:9,0
DA:10,0
DA:11,0
DA:12,0
DA:13,0
LF:8
LH:0
end_of_record
SF:lib\features\auth\forget_password\presentation\view\widgets\pins_widget.dart
DA:7,0
DA:14,0
DA:16,0
DA:17,0
DA:18,0
DA:19,0
DA:20,0
DA:25,0
DA:29,0
DA:30,0
LF:10
LH:0
end_of_record
SF:lib\features\auth\forget_password\presentation\view\widgets\resend_widget.dart
DA:11,0
DA:13,0
DA:15,0
DA:16,0
DA:17,0
DA:18,0
DA:20,0
DA:24,0
DA:25,0
DA:26,0
DA:27,0
DA:28,0
DA:29,0
DA:30,0
DA:31,0
DA:32,0
DA:35,0
DA:36,0
DA:37,0
DA:43,0
DA:44,0
DA:45,0
DA:47,0
DA:49,0
LF:24
LH:0
end_of_record
SF:lib\features\auth\forget_password\presentation\view\widgets\verify_reset_code_content_widget.dart
DA:15,0
DA:17,0
DA:19,0
DA:24,0
DA:26,0
DA:27,0
DA:28,0
DA:29,0
DA:30,0
DA:31,0
DA:33,0
DA:34,0
DA:35,0
DA:36,0
DA:37,0
DA:38,0
DA:39,0
DA:40,0
DA:41,0
DA:43,0
DA:44,0
DA:45,0
DA:46,0
DA:53,0
DA:54,0
DA:55,0
DA:57,0
DA:63,0
DA:68,0
DA:69,0
DA:70,0
DA:71,0
DA:72,0
DA:75,0
DA:77,0
DA:79,0
DA:80,0
LF:37
LH:0
end_of_record
SF:lib\features\onboarding\presentation\views\widgets\onboarding_item_widget.dart
DA:14,0
DA:27,0
DA:29,0
DA:30,0
DA:31,0
DA:32,0
DA:33,0
DA:35,0
DA:37,0
DA:38,0
DA:40,0
DA:41,0
DA:42,0
DA:43,0
DA:46,0
DA:49,0
DA:51,0
DA:57,0
DA:58,0
DA:59,0
DA:60,0
DA:61,0
DA:62,0
DA:63,0
DA:64,0
DA:65,0
DA:66,0
DA:67,0
DA:72,0
DA:73,0
DA:74,0
DA:75,0
DA:76,0
DA:77,0
DA:81,0
DA:85,0
DA:86,0
DA:87,0
DA:89,0
DA:95,0
DA:96,0
DA:97,0
DA:98,0
DA:99,0
DA:108,0
DA:110,0
DA:111,0
DA:112,0
DA:113,0
DA:114,0
DA:115,0
DA:120,0
DA:121,0
DA:122,0
DA:124,0
DA:125,0
DA:126,0
DA:129,0
DA:133,0
DA:135,0
DA:139,0
DA:142,0
DA:143,0
DA:144,0
DA:147,0
DA:149,0
DA:151,0
DA:152,0
DA:153,0
DA:156,0
DA:157,0
DA:164,0
DA:165,0
DA:166,0
DA:168,0
DA:169,0
DA:170,0
DA:173,0
DA:177,0
DA:179,0
DA:183,0
DA:184,0
DA:186,0
DA:187,0
DA:188,0
DA:191,0
DA:192,0
DA:193,0
DA:197,0
DA:200,0
DA:203,0
DA:210,0
DA:213,0
DA:214,0
DA:216,0
DA:217,0
DA:218,0
DA:222,0
DA:226,0
DA:228,0
LF:100
LH:0
end_of_record
SF:lib\layout\presentation\widgets\tab_bar_item_widget.dart
DA:14,0
DA:23,0
DA:25,0
DA:27,0
DA:28,0
DA:29,0
DA:31,0
DA:32,0
DA:35,0
DA:36,0
DA:42,0
DA:44,0
DA:45,0
DA:47,0
DA:48,0
DA:49,0
DA:50,0
LF:17
LH:0
end_of_record
SF:lib\layout\presentation\manager\layout_cubit\layout_view_model.dart
DA:10,0
DA:12,0
DA:14,0
DA:15,0
DA:25,0
DA:26,0
DA:27,0
DA:28,0
DA:34,0
LF:9
LH:0
end_of_record
SF:lib\layout\presentation\tabs\home_tap.dart
DA:5,0
DA:7,0
DA:9,0
LF:3
LH:0
end_of_record
SF:lib\layout\presentation\tabs\profile_tab.dart
DA:4,0
DA:6,0
DA:8,0
LF:3
LH:0
end_of_record
